<?xml version="1.0" encoding="UTF-8"?>
<robot generator="Robot 7.2.2 (Python 3.13.3 on win32)" generated="2025-06-09T02:59:16.864647" rpa="false" schemaversion="5">
<suite id="s1" name="Products Tests" source="c:\Users\abiol\OneDrive\CompassDocs\Sprint 6\Semana 12\ServeRest\tests\products_tests.robot">
<kw name="Preparar Ambiente Produtos" owner="products_keywords" type="SETUP">
<kw name="Criar Sessão API" owner="base">
<kw name="Evaluate" owner="BuiltIn">
<msg time="2025-06-09T02:59:23.738808" level="INFO">${warnings} = &lt;module 'warnings' from 'C:\\Users\\abiol\\AppData\\Local\\Programs\\Python\\Python313\\Lib\\warnings.py'&gt;</msg>
<var>${warnings}</var>
<arg>warnings</arg>
<doc>Evaluates the given expression in Python and returns the result.</doc>
<status status="PASS" start="2025-06-09T02:59:23.737432" elapsed="0.089149"/>
</kw>
<kw name="Set Variable" owner="BuiltIn">
<msg time="2025-06-09T02:59:23.828474" level="INFO">${warnings.filterwarnings} = ignore</msg>
<var>${warnings.filterwarnings}</var>
<arg>ignore</arg>
<doc>Returns the given values which can then be assigned to a variables.</doc>
<status status="PASS" start="2025-06-09T02:59:23.827530" elapsed="0.001324"/>
</kw>
<kw name="Create Session" owner="RequestsLibrary">
<msg time="2025-06-09T02:59:23.830418" level="INFO">Creating Session using : alias=serverest, url=https://serverest.dev, headers={},                     cookies={}, auth=None, timeout=10, proxies=None, verify=False,                     debug=0 </msg>
<arg>serverest</arg>
<arg>${BASE_URL}</arg>
<arg>timeout=${TIMEOUT}</arg>
<arg>verify=${False}</arg>
<doc>Create Session: create a HTTP session to a server</doc>
<status status="PASS" start="2025-06-09T02:59:23.829383" elapsed="0.027058"/>
</kw>
<status status="PASS" start="2025-06-09T02:59:23.716786" elapsed="0.140279"/>
</kw>
<kw name="Criar Usuario Valido Para Login" owner="login_keywords">
<kw name="Criar Sessão API" owner="base">
<kw name="Evaluate" owner="BuiltIn">
<msg time="2025-06-09T02:59:23.860067" level="INFO">${warnings} = &lt;module 'warnings' from 'C:\\Users\\abiol\\AppData\\Local\\Programs\\Python\\Python313\\Lib\\warnings.py'&gt;</msg>
<var>${warnings}</var>
<arg>warnings</arg>
<doc>Evaluates the given expression in Python and returns the result.</doc>
<status status="PASS" start="2025-06-09T02:59:23.859317" elapsed="0.001097"/>
</kw>
<kw name="Set Variable" owner="BuiltIn">
<msg time="2025-06-09T02:59:23.861465" level="INFO">${warnings.filterwarnings} = ignore</msg>
<var>${warnings.filterwarnings}</var>
<arg>ignore</arg>
<doc>Returns the given values which can then be assigned to a variables.</doc>
<status status="PASS" start="2025-06-09T02:59:23.860884" elapsed="0.000851"/>
</kw>
<kw name="Create Session" owner="RequestsLibrary">
<msg time="2025-06-09T02:59:23.863042" level="INFO">Creating Session using : alias=serverest, url=https://serverest.dev, headers={},                     cookies={}, auth=None, timeout=10, proxies=None, verify=False,                     debug=0 </msg>
<arg>serverest</arg>
<arg>${BASE_URL}</arg>
<arg>timeout=${TIMEOUT}</arg>
<arg>verify=${False}</arg>
<doc>Create Session: create a HTTP session to a server</doc>
<status status="PASS" start="2025-06-09T02:59:23.862196" elapsed="0.001484"/>
</kw>
<status status="PASS" start="2025-06-09T02:59:23.858686" elapsed="0.005364"/>
</kw>
<kw name="Name" owner="FakerLibrary">
<msg time="2025-06-09T02:59:23.866600" level="INFO">${nome} = Austin Snyder</msg>
<var>${nome}</var>
<doc>:example: 'John Doe'</doc>
<status status="PASS" start="2025-06-09T02:59:23.864496" elapsed="0.014041"/>
</kw>
<kw name="Email" owner="FakerLibrary">
<msg time="2025-06-09T02:59:23.880566" level="INFO">${email} = fclark@example.org</msg>
<var>${email}</var>
<status status="PASS" start="2025-06-09T02:59:23.879263" elapsed="0.001637"/>
</kw>
<kw name="Generate Random String" owner="String">
<msg time="2025-06-09T02:59:23.882278" level="INFO">${senha} = 863928</msg>
<var>${senha}</var>
<arg>6</arg>
<arg>[NUMBERS]</arg>
<doc>Generates a string with a desired ``length`` from the given ``chars``.</doc>
<status status="PASS" start="2025-06-09T02:59:23.881407" elapsed="0.001157"/>
</kw>
<kw name="Create Dictionary" owner="BuiltIn">
<msg time="2025-06-09T02:59:23.884362" level="INFO">${body} = {'nome': 'Austin Snyder', 'email': 'fclark@example.org', 'password': '863928', 'administrador': 'true'}</msg>
<var>${body}</var>
<arg>nome=${nome}</arg>
<arg>email=${email}</arg>
<arg>password=${senha}</arg>
<arg>administrador=true</arg>
<doc>Creates and returns a dictionary based on the given ``items``.</doc>
<status status="PASS" start="2025-06-09T02:59:23.883086" elapsed="0.001570"/>
</kw>
<kw name="POST On Session" owner="RequestsLibrary">
<msg time="2025-06-09T02:59:24.441767" level="INFO">POST Request : url=https://serverest.dev/usuarios 
 path_url=/usuarios 
 headers={'User-Agent': 'python-requests/2.32.3', 'Accept-Encoding': 'gzip, deflate', 'Accept': '*/*', 'Connection': 'keep-alive', 'Content-Length': '103', 'Content-Type': 'application/json'} 
 body=b'{"nome": "Austin Snyder", "email": "fclark@example.org", "password": "863928", "administrador": "true"}' 
 </msg>
<msg time="2025-06-09T02:59:24.442501" level="INFO">POST Response : url=https://serverest.dev/usuarios 
 status=201, reason=Created 
 headers={'access-control-allow-origin': '*', 'x-dns-prefetch-control': 'off', 'x-frame-options': 'SAMEORIGIN', 'strict-transport-security': 'max-age=15552000; includeSubDomains', 'x-download-options': 'noopen', 'x-content-type-options': 'nosniff', 'x-xss-protection': '1; mode=block', 'content-type': 'application/json; charset=utf-8', 'x-cloud-trace-context': 'e9565440c384a26e11e9304ca5d4cfde;o=1', 'date': 'Mon, 09 Jun 2025 05:59:24 GMT', 'server': 'Google Frontend', 'Content-Length': '82'} 
 body={
    "message": "Cadastro realizado com sucesso",
    "_id": "F1ZDD03jSTD81sud"
} 
 </msg>
<msg time="2025-06-09T02:59:24.442983" level="INFO">C:\Users\abiol\AppData\Local\Programs\Python\Python313\Lib\site-packages\urllib3\connectionpool.py:1097: InsecureRequestWarning: Unverified HTTPS request is being made to host 'serverest.dev'. Adding certificate verification is strongly advised. See: https://urllib3.readthedocs.io/en/latest/advanced-usage.html#tls-warnings
  warnings.warn(</msg>
<msg time="2025-06-09T02:59:24.512325" level="INFO">${response} = &lt;Response [201]&gt;</msg>
<var>${response}</var>
<arg>serverest</arg>
<arg>/usuarios</arg>
<arg>json=${body}</arg>
<arg>expected_status=201</arg>
<doc>Sends a POST request on a previously created HTTP Session.</doc>
<status status="PASS" start="2025-06-09T02:59:23.955142" elapsed="0.557717"/>
</kw>
<kw name="Extrair Campo Da Resposta" owner="base">
<kw name="Evaluate" owner="BuiltIn">
<msg time="2025-06-09T02:59:24.518470" level="INFO">${json} = {'message': 'Cadastro realizado com sucesso', '_id': 'F1ZDD03jSTD81sud'}</msg>
<var>${json}</var>
<arg>json.loads('''${response.text}''')</arg>
<arg>json</arg>
<doc>Evaluates the given expression in Python and returns the result.</doc>
<status status="PASS" start="2025-06-09T02:59:24.516536" elapsed="0.002351"/>
</kw>
<return>
<value>${json}[${campo}]</value>
<status status="PASS" start="2025-06-09T02:59:24.519472" elapsed="0.000359"/>
</return>
<msg time="2025-06-09T02:59:24.521838" level="INFO">${id} = F1ZDD03jSTD81sud</msg>
<var>${id}</var>
<arg>${response}</arg>
<arg>_id</arg>
<status status="PASS" start="2025-06-09T02:59:24.514541" elapsed="0.007659"/>
</kw>
<kw name="Create Dictionary" owner="BuiltIn">
<msg time="2025-06-09T02:59:24.526584" level="INFO">&amp;{usuario} = { id=F1ZDD03jSTD81sud | email=fclark@example.org | senha=863928 }</msg>
<var>&amp;{usuario}</var>
<arg>id=${id}</arg>
<arg>email=${email}</arg>
<arg>senha=${senha}</arg>
<doc>Creates and returns a dictionary based on the given ``items``.</doc>
<status status="PASS" start="2025-06-09T02:59:24.522850" elapsed="0.004159"/>
</kw>
<return>
<value>${usuario}</value>
<status status="PASS" start="2025-06-09T02:59:24.527382" elapsed="0.000289"/>
</return>
<msg time="2025-06-09T02:59:24.528757" level="INFO">${usuario} = {'id': 'F1ZDD03jSTD81sud', 'email': 'fclark@example.org', 'senha': '863928'}</msg>
<var>${usuario}</var>
<status status="PASS" start="2025-06-09T02:59:23.857871" elapsed="0.672204"/>
</kw>
<kw name="Realizar Login Valido" owner="login_keywords">
<kw name="Create Dictionary" owner="BuiltIn">
<msg time="2025-06-09T02:59:24.534587" level="INFO">${body} = {'email': 'fclark@example.org', 'password': '863928'}</msg>
<var>${body}</var>
<arg>email=${email}</arg>
<arg>password=${senha}</arg>
<doc>Creates and returns a dictionary based on the given ``items``.</doc>
<status status="PASS" start="2025-06-09T02:59:24.533581" elapsed="0.001376"/>
</kw>
<kw name="POST On Session" owner="RequestsLibrary">
<msg time="2025-06-09T02:59:24.703935" level="INFO">POST Request : url=https://serverest.dev/login 
 path_url=/login 
 headers={'User-Agent': 'python-requests/2.32.3', 'Accept-Encoding': 'gzip, deflate', 'Accept': '*/*', 'Connection': 'keep-alive', 'Content-Length': '53', 'Content-Type': 'application/json'} 
 body=b'{"email": "fclark@example.org", "password": "863928"}' 
 </msg>
<msg time="2025-06-09T02:59:24.705005" level="INFO">POST Response : url=https://serverest.dev/login 
 status=200, reason=OK 
 headers={'access-control-allow-origin': '*', 'x-dns-prefetch-control': 'off', 'x-frame-options': 'SAMEORIGIN', 'strict-transport-security': 'max-age=15552000; includeSubDomains', 'x-download-options': 'noopen', 'x-content-type-options': 'nosniff', 'x-xss-protection': '1; mode=block', 'content-type': 'application/json; charset=utf-8', 'x-cloud-trace-context': '0e5133bd45e613eb11e9304ca5d4cf3a', 'date': 'Mon, 09 Jun 2025 05:59:25 GMT', 'server': 'Google Frontend', 'Content-Length': '273'} 
 body={
    "message": "Login realizado com sucesso",
    "authorization": "Bearer eyJhbGciOiJIUzI1NiIsInR5cCI6IkpXVCJ9.eyJlbWFpbCI6ImZjbGFya0BleGFtcGxlLm9yZyIsInBhc3N3b3JkIjoiODYzOTI4IiwiaWF0IjoxNzQ5NDQ4NzY1LCJleHAiOjE3NDk0NDkzNjV9.ZfQCRSH1g-hTn41CvMoXKDlKJrfnrO7Oa_zM_kI7NF8"
} 
 </msg>
<msg time="2025-06-09T02:59:24.705491" level="INFO">C:\Users\abiol\AppData\Local\Programs\Python\Python313\Lib\site-packages\urllib3\connectionpool.py:1097: InsecureRequestWarning: Unverified HTTPS request is being made to host 'serverest.dev'. Adding certificate verification is strongly advised. See: https://urllib3.readthedocs.io/en/latest/advanced-usage.html#tls-warnings
  warnings.warn(</msg>
<msg time="2025-06-09T02:59:24.850871" level="INFO">${response} = &lt;Response [200]&gt;</msg>
<var>${response}</var>
<arg>serverest</arg>
<arg>${ENDPOINT_LOGIN}</arg>
<arg>json=${body}</arg>
<arg>expected_status=${status_esperado}</arg>
<doc>Sends a POST request on a previously created HTTP Session.</doc>
<status status="PASS" start="2025-06-09T02:59:24.535636" elapsed="0.315768"/>
</kw>
<return>
<value>${response}</value>
<status status="PASS" start="2025-06-09T02:59:24.852082" elapsed="0.000649"/>
</return>
<msg time="2025-06-09T02:59:24.853357" level="INFO">${response_login} = &lt;Response [200]&gt;</msg>
<var>${response_login}</var>
<arg>${usuario.email}</arg>
<arg>${usuario.senha}</arg>
<status status="PASS" start="2025-06-09T02:59:24.530834" elapsed="0.323209"/>
</kw>
<kw name="Logar Resposta" owner="base">
<kw name="Log To Console" owner="BuiltIn">
<arg>=== RESPOSTA DA API ===</arg>
<doc>Logs the given message to the console.</doc>
<status status="PASS" start="2025-06-09T02:59:24.856237" elapsed="0.009308"/>
</kw>
<kw name="Log To Console" owner="BuiltIn">
<arg>Status: ${response.status_code}</arg>
<doc>Logs the given message to the console.</doc>
<status status="PASS" start="2025-06-09T02:59:24.867035" elapsed="0.008861"/>
</kw>
<kw name="Log To Console" owner="BuiltIn">
<arg>Body: ${response.text}</arg>
<doc>Logs the given message to the console.</doc>
<status status="PASS" start="2025-06-09T02:59:24.876711" elapsed="0.005611"/>
</kw>
<kw name="Log To Console" owner="BuiltIn">
<arg>======================</arg>
<doc>Logs the given message to the console.</doc>
<status status="PASS" start="2025-06-09T02:59:24.883147" elapsed="0.002744"/>
</kw>
<arg>${response_login}</arg>
<status status="PASS" start="2025-06-09T02:59:24.854844" elapsed="0.031619"/>
</kw>
<kw name="Extrair Campo Da Resposta" owner="base">
<kw name="Evaluate" owner="BuiltIn">
<msg time="2025-06-09T02:59:24.893701" level="INFO">${json} = {'message': 'Login realizado com sucesso', 'authorization': 'Bearer eyJhbGciOiJIUzI1NiIsInR5cCI6IkpXVCJ9.eyJlbWFpbCI6ImZjbGFya0BleGFtcGxlLm9yZyIsInBhc3N3b3JkIjoiODYzOTI4IiwiaWF0IjoxNzQ5NDQ4NzY1LCJleHA...</msg>
<var>${json}</var>
<arg>json.loads('''${response.text}''')</arg>
<arg>json</arg>
<doc>Evaluates the given expression in Python and returns the result.</doc>
<status status="PASS" start="2025-06-09T02:59:24.891900" elapsed="0.002216"/>
</kw>
<return>
<value>${json}[${campo}]</value>
<status status="PASS" start="2025-06-09T02:59:24.894457" elapsed="0.000256"/>
</return>
<msg time="2025-06-09T02:59:24.895293" level="INFO">${token} = Bearer eyJhbGciOiJIUzI1NiIsInR5cCI6IkpXVCJ9.eyJlbWFpbCI6ImZjbGFya0BleGFtcGxlLm9yZyIsInBhc3N3b3JkIjoiODYzOTI4IiwiaWF0IjoxNzQ5NDQ4NzY1LCJleHAiOjE3NDk0NDkzNjV9.ZfQCRSH1g-hTn41CvMoXKDlKJrfnrO7Oa_zM_kI7NF8</msg>
<var>${token}</var>
<arg>${response_login}</arg>
<arg>authorization</arg>
<status status="PASS" start="2025-06-09T02:59:24.890384" elapsed="0.005216"/>
</kw>
<kw name="Should Not Be Empty" owner="BuiltIn">
<msg time="2025-06-09T02:59:24.896797" level="INFO">Length is 200.</msg>
<arg>${token}</arg>
<arg>Token não foi gerado corretamente!</arg>
<doc>Verifies that the given item is not empty.</doc>
<status status="PASS" start="2025-06-09T02:59:24.896162" elapsed="0.001003"/>
</kw>
<kw name="Set Suite Variable" owner="BuiltIn">
<msg time="2025-06-09T02:59:24.899509" level="INFO">${TOKEN_VALIDO} = Bearer eyJhbGciOiJIUzI1NiIsInR5cCI6IkpXVCJ9.eyJlbWFpbCI6ImZjbGFya0BleGFtcGxlLm9yZyIsInBhc3N3b3JkIjoiODYzOTI4IiwiaWF0IjoxNzQ5NDQ4NzY1LCJleHAiOjE3NDk0NDkzNjV9.ZfQCRSH1g-hTn41CvMoXKDlKJrfnrO7Oa_zM_kI7NF8</msg>
<arg>${TOKEN_VALIDO}</arg>
<arg>${token}</arg>
<doc>Makes a variable available everywhere within the scope of the current suite.</doc>
<status status="PASS" start="2025-06-09T02:59:24.897655" elapsed="0.002254"/>
</kw>
<kw name="Gerar Nome Produto Aleatorio" owner="products_keywords">
<kw name="Generate Random String" owner="String">
<msg time="2025-06-09T02:59:24.902074" level="INFO">${sufixo} = KOea0</msg>
<var>${sufixo}</var>
<arg>5</arg>
<doc>Generates a string with a desired ``length`` from the given ``chars``.</doc>
<status status="PASS" start="2025-06-09T02:59:24.901338" elapsed="0.001052"/>
</kw>
<kw name="Set Variable" owner="BuiltIn">
<msg time="2025-06-09T02:59:24.904431" level="INFO">${nome} = Produto Base KOea0</msg>
<var>${nome}</var>
<arg>${prefixo} ${sufixo}</arg>
<doc>Returns the given values which can then be assigned to a variables.</doc>
<status status="PASS" start="2025-06-09T02:59:24.902877" elapsed="0.002001"/>
</kw>
<return>
<value>${nome}</value>
<status status="PASS" start="2025-06-09T02:59:24.905650" elapsed="0.000312"/>
</return>
<msg time="2025-06-09T02:59:24.906567" level="INFO">${nome_produto} = Produto Base KOea0</msg>
<var>${nome_produto}</var>
<arg>Produto Base</arg>
<status status="PASS" start="2025-06-09T02:59:24.900523" elapsed="0.006364"/>
</kw>
<kw name="Criar Produto Com Dados" owner="products_keywords">
<kw name="Criar Headers Autenticacao" owner="base">
<kw name="Create Dictionary" owner="BuiltIn">
<msg time="2025-06-09T02:59:25.027425" level="INFO">${headers} = {'Content-Type': 'application/json'}</msg>
<var>${headers}</var>
<arg>Content-Type=application/json</arg>
<doc>Creates and returns a dictionary based on the given ``items``.</doc>
<status status="PASS" start="2025-06-09T02:59:25.026658" elapsed="0.001164"/>
</kw>
<if>
<branch type="IF" condition="&quot;${token}&quot; != &quot;None&quot; and &quot;${token}&quot; != &quot;&quot;">
<kw name="Set To Dictionary" owner="Collections">
<arg>${headers}</arg>
<arg>Authorization=Bearer ${token}</arg>
<doc>Adds the given ``key_value_pairs`` and/or ``items`` to the ``dictionary``.</doc>
<status status="PASS" start="2025-06-09T02:59:25.029176" elapsed="0.003112"/>
</kw>
<status status="PASS" start="2025-06-09T02:59:25.028291" elapsed="0.008675"/>
</branch>
<status status="PASS" start="2025-06-09T02:59:25.028196" elapsed="0.010365"/>
</if>
<return>
<value>${headers}</value>
<status status="PASS" start="2025-06-09T02:59:25.038758" elapsed="0.000310"/>
</return>
<msg time="2025-06-09T02:59:25.039698" level="INFO">${headers} = {'Content-Type': 'application/json', 'Authorization': 'Bearer Bearer eyJhbGciOiJIUzI1NiIsInR5cCI6IkpXVCJ9.eyJlbWFpbCI6ImZjbGFya0BleGFtcGxlLm9yZyIsInBhc3N3b3JkIjoiODYzOTI4IiwiaWF0IjoxNzQ5NDQ4NzY1LCJleH...</msg>
<var>${headers}</var>
<arg>${token}</arg>
<status status="PASS" start="2025-06-09T02:59:25.025377" elapsed="0.014705"/>
</kw>
<kw name="Create Dictionary" owner="BuiltIn">
<msg time="2025-06-09T02:59:25.041938" level="INFO">${payload} = {'nome': 'Produto Base KOea0', 'preco': '99', 'descricao': 'Desc', 'quantidade': '5'}</msg>
<var>${payload}</var>
<arg>nome=${nome}</arg>
<arg>preco=${preco}</arg>
<arg>descricao=${descricao}</arg>
<arg>quantidade=${quantidade}</arg>
<doc>Creates and returns a dictionary based on the given ``items``.</doc>
<status status="PASS" start="2025-06-09T02:59:25.040684" elapsed="0.001582"/>
</kw>
<kw name="POST On Session" owner="RequestsLibrary">
<msg time="2025-06-09T02:59:25.205842" level="INFO">POST Request : url=https://serverest.dev/produtos 
 path_url=/produtos 
 headers={'User-Agent': 'python-requests/2.32.3', 'Accept-Encoding': 'gzip, deflate', 'Accept': '*/*', 'Connection': 'keep-alive', 'Content-Type': 'application/json', 'Authorization': 'Bearer Bearer eyJhbGciOiJIUzI1NiIsInR5cCI6IkpXVCJ9.eyJlbWFpbCI6ImZjbGFya0BleGFtcGxlLm9yZyIsInBhc3N3b3JkIjoiODYzOTI4IiwiaWF0IjoxNzQ5NDQ4NzY1LCJleHAiOjE3NDk0NDkzNjV9.ZfQCRSH1g-hTn41CvMoXKDlKJrfnrO7Oa_zM_kI7NF8', 'Content-Length': '85'} 
 body=b'{"nome": "Produto Base KOea0", "preco": "99", "descricao": "Desc", "quantidade": "5"}' 
 </msg>
<msg time="2025-06-09T02:59:25.206789" level="INFO">POST Response : url=https://serverest.dev/produtos 
 status=401, reason=Unauthorized 
 headers={'access-control-allow-origin': '*', 'x-dns-prefetch-control': 'off', 'x-frame-options': 'SAMEORIGIN', 'strict-transport-security': 'max-age=15552000; includeSubDomains', 'x-download-options': 'noopen', 'x-content-type-options': 'nosniff', 'x-xss-protection': '1; mode=block', 'content-type': 'application/json; charset=utf-8', 'x-cloud-trace-context': 'bcb602b8a08e4ad311e9304ca5d4c692', 'date': 'Mon, 09 Jun 2025 05:59:25 GMT', 'server': 'Google Frontend', 'Content-Length': '103'} 
 body={
    "message": "Token de acesso ausente, inválido, expirado ou usuário do token não existe mais"
} 
 </msg>
<msg time="2025-06-09T02:59:25.207325" level="INFO">C:\Users\abiol\AppData\Local\Programs\Python\Python313\Lib\site-packages\urllib3\connectionpool.py:1097: InsecureRequestWarning: Unverified HTTPS request is being made to host 'serverest.dev'. Adding certificate verification is strongly advised. See: https://urllib3.readthedocs.io/en/latest/advanced-usage.html#tls-warnings
  warnings.warn(</msg>
<msg time="2025-06-09T02:59:25.246499" level="FAIL">Url: https://serverest.dev/produtos Expected status: 401 != 201</msg>
<var>${response}</var>
<arg>serverest</arg>
<arg>${ENDPOINT_PRODUTOS}</arg>
<arg>json=${payload}</arg>
<arg>headers=${headers}</arg>
<arg>expected_status=${expected_status}</arg>
<doc>Sends a POST request on a previously created HTTP Session.</doc>
<status status="FAIL" start="2025-06-09T02:59:25.042843" elapsed="0.215773">Url: https://serverest.dev/produtos Expected status: 401 != 201</status>
</kw>
<return>
<value>${response}</value>
<status status="NOT RUN" start="2025-06-09T02:59:25.259864" elapsed="0.000362"/>
</return>
<var>${response_produto}</var>
<arg>${nome_produto}</arg>
<arg>99</arg>
<arg>Desc</arg>
<arg>5</arg>
<arg>${token}</arg>
<status status="FAIL" start="2025-06-09T02:59:24.909640" elapsed="0.351151">Url: https://serverest.dev/produtos Expected status: 401 != 201</status>
</kw>
<kw name="Logar Resposta" owner="base">
<arg>${response_produto}</arg>
<status status="NOT RUN" start="2025-06-09T02:59:25.261530" elapsed="0.000320"/>
</kw>
<kw name="Extrair Campo Da Resposta" owner="base">
<var>${id}</var>
<arg>${response_produto}</arg>
<arg>_id</arg>
<status status="NOT RUN" start="2025-06-09T02:59:25.262360" elapsed="0.000258"/>
</kw>
<kw name="Set Suite Variable" owner="BuiltIn">
<arg>${PRODUTO_ID}</arg>
<arg>${id}</arg>
<doc>Makes a variable available everywhere within the scope of the current suite.</doc>
<status status="NOT RUN" start="2025-06-09T02:59:25.263152" elapsed="0.000259"/>
</kw>
<kw name="Set Suite Variable" owner="BuiltIn">
<arg>${PRODUTO_NOME}</arg>
<arg>${nome_produto}</arg>
<doc>Makes a variable available everywhere within the scope of the current suite.</doc>
<status status="NOT RUN" start="2025-06-09T02:59:25.263889" elapsed="0.000244"/>
</kw>
<status status="FAIL" start="2025-06-09T02:59:23.715533" elapsed="1.549048">Url: https://serverest.dev/produtos Expected status: 401 != 201</status>
</kw>
<test id="s1-t1" name="CT-022 – Cadastro de produto com dados válidos" line="11">
<status status="FAIL" start="2025-06-09T02:59:25.265036" elapsed="0.038285">Parent suite setup failed:
Url: https://serverest.dev/produtos Expected status: 401 != 201</status>
</test>
<test id="s1-t2" name="CT-023 – Cadastro de produto sem autenticação" line="21">
<status status="FAIL" start="2025-06-09T02:59:25.333002" elapsed="0.003208">Parent suite setup failed:
Url: https://serverest.dev/produtos Expected status: 401 != 201</status>
</test>
<test id="s1-t3" name="CT-024 – Cadastro com nome já utilizado" line="27">
<status status="FAIL" start="2025-06-09T02:59:25.349629" elapsed="0.003306">Parent suite setup failed:
Url: https://serverest.dev/produtos Expected status: 401 != 201</status>
</test>
<test id="s1-t4" name="CT-025 – Edição de produto com dados válidos" line="33">
<status status="FAIL" start="2025-06-09T02:59:25.384467" elapsed="0.001757">Parent suite setup failed:
Url: https://serverest.dev/produtos Expected status: 401 != 201</status>
</test>
<test id="s1-t5" name="CT-027 – Deletar produto sem estar vinculado a carrinho" line="43">
<status status="FAIL" start="2025-06-09T02:59:25.420875" elapsed="0.010688">Parent suite setup failed:
Url: https://serverest.dev/produtos Expected status: 401 != 201</status>
</test>
<test id="s1-t6" name="CT-028 – Deletar produto vinculado a carrinho" line="52">
<status status="FAIL" start="2025-06-09T02:59:25.548394" elapsed="0.004133">Parent suite setup failed:
Url: https://serverest.dev/produtos Expected status: 401 != 201</status>
</test>
<test id="s1-t7" name="CT-029 – Listar todos os produtos" line="60">
<status status="FAIL" start="2025-06-09T02:59:25.585066" elapsed="0.011388">Parent suite setup failed:
Url: https://serverest.dev/produtos Expected status: 401 != 201</status>
</test>
<test id="s1-t8" name="CT-030 – Criar produto com campo obrigatório ausente" line="67">
<status status="FAIL" start="2025-06-09T02:59:25.616290" elapsed="0.003133">Parent suite setup failed:
Url: https://serverest.dev/produtos Expected status: 401 != 201</status>
</test>
<test id="s1-t9" name="CT-031 – Criar produto com quantidade negativa" line="73">
<status status="FAIL" start="2025-06-09T02:59:25.651395" elapsed="0.012187">Parent suite setup failed:
Url: https://serverest.dev/produtos Expected status: 401 != 201</status>
</test>
<test id="s1-t10" name="CT-032 – Criar produto com nome em branco" line="79">
<status status="FAIL" start="2025-06-09T02:59:25.715368" elapsed="0.004701">Parent suite setup failed:
Url: https://serverest.dev/produtos Expected status: 401 != 201</status>
</test>
<kw name="Encerrar Sessao Produtos" owner="products_keywords" type="TEARDOWN">
<kw name="Encerrar Sessão API" owner="base">
<kw name="Delete All Sessions" owner="RequestsLibrary">
<msg time="2025-06-09T02:59:25.770173" level="INFO">Deleting All Sessions</msg>
<doc>Removes all the session objects</doc>
<status status="PASS" start="2025-06-09T02:59:25.767108" elapsed="0.008661"/>
</kw>
<status status="PASS" start="2025-06-09T02:59:25.766087" elapsed="0.011759"/>
</kw>
<status status="PASS" start="2025-06-09T02:59:25.762116" elapsed="0.016259"/>
</kw>
<doc>Suite de testes para o endpoint /produtos, envolvendo cenários de cadastro, listagem, alteração e exclusão de produtos.</doc>
<status status="FAIL" start="2025-06-09T02:59:16.880231" elapsed="8.898500">Suite setup failed:
Url: https://serverest.dev/produtos Expected status: 401 != 201</status>
</suite>
<statistics>
<total>
<stat pass="0" fail="10" skip="0">All Tests</stat>
</total>
<tag>
</tag>
<suite>
<stat name="Products Tests" id="s1" pass="0" fail="10" skip="0">Products Tests</stat>
</suite>
</statistics>
<errors>
</errors>
</robot>
